<?xml version="1.0" encoding="UTF-8"?>
<!-- Generated by org.testng.reporters.JUnitReportReporter -->
<testsuite hostname="LAPTOP-LBKTQD0G" failures="0" tests="1" name="testpkg.HomePageTest" time="353.527" errors="0" timestamp="2024-03-16T20:47:24 IST" skipped="0">
  <testcase classname="testpkg.HomePageTest" name="homeTest" time="353.527"/>
</testsuite> <!-- testpkg.HomePageTest -->
