<?xml version="1.0" encoding="UTF-8"?>
<!-- Generated by org.testng.reporters.JUnitReportReporter -->
<testsuite hostname="LAPTOP-LBKTQD0G" failures="0" tests="1" name="testpkg.LogoTest" time="1.878" errors="0" timestamp="2024-03-17T18:27:50 IST" skipped="0">
  <testcase classname="testpkg.LogoTest" name="logotest" time="1.878"/>
</testsuite> <!-- testpkg.LogoTest -->
