<?xml version="1.0" encoding="UTF-8"?>
<!-- Generated by org.testng.reporters.JUnitReportReporter -->
<testsuite hostname="LAPTOP-LBKTQD0G" failures="0" tests="1" name="testpkg.AccountPageTest" time="44.935" errors="0" timestamp="2024-03-19T18:35:19 IST" skipped="0">
  <testcase classname="testpkg.AccountPageTest" name="accountPageTest" time="44.935"/>
</testsuite> <!-- testpkg.AccountPageTest -->
