<?xml version="1.0" encoding="UTF-8"?>
<!-- Generated by org.testng.reporters.JUnitReportReporter -->
<testsuite hostname="LAPTOP-LBKTQD0G" failures="0" tests="3" name="testpkg.CrossBrowzerTest" time="14.499" errors="0" timestamp="2024-03-17T18:17:14 IST" skipped="0">
  <testcase classname="testpkg.CrossBrowzerTest" name="crossBrowzerTest" time="4.771"/>
  <testcase classname="testpkg.CrossBrowzerTest" name="crossBrowzerTest" time="6.243"/>
  <testcase classname="testpkg.CrossBrowzerTest" name="crossBrowzerTest" time="3.485"/>
</testsuite> <!-- testpkg.CrossBrowzerTest -->
